<?xml version="1.0" encoding="UTF-8"?>
<testsuite xmlns:xsi="http://www.w3.org/2001/XMLSchema-instance" xsi:noNamespaceSchemaLocation="https://maven.apache.org/surefire/maven-surefire-plugin/xsd/surefire-test-report-3.0.xsd" version="3.0" name="com.example.reportapp.IntegrationTest" time="11.586" tests="1" errors="0" skipped="0" failures="0">
  <properties>
[...]
</properties>
  <testcase name="createAndListReport" classname="com.example.reportapp.IntegrationTest" time="1.713">
    <system-out><![CDATA[21:07:47.876 [main] INFO org.springframework.test.context.support.AnnotationConfigContextLoaderUtils -- Could not detect default configuration classes for test class [com.example.reportapp.IntegrationTest]: IntegrationTest does not declare any static, non-private, non-final, nested classes annotated with @Configuration.
21:07:48.090 [main] INFO org.springframework.boot.test.context.SpringBootTestContextBootstrapper -- Found @SpringBootConfiguration com.example.reportapp.ReportAppApplication for test class com.example.reportapp.IntegrationTest

  .   ____          _            __ _ _
 /\\ / ___'_ __ _ _(_)_ __  __ _ \ \ \ \
( ( )\___ | '_ | '_| | '_ \/ _` | \ \ \ \
 \\/  ___)| |_)| | | | | || (_| |  ) ) ) )
  '  |____| .__|_| |_|_| |_\__, | / / / /
 =========|_|==============|___/=/_/_/_/
 :: Spring Boot ::                (v3.1.6)

2026-02-24T15:37:48.979Z  INFO 30900 --- [           main] com.example.reportapp.IntegrationTest    : Starting IntegrationTest using Java 17.0.12 with PID 30900 (started by SulbhaPawde in C:\AI\Learning\Git\gitpractice)
2026-02-24T15:37:48.983Z  INFO 30900 --- [           main] com.example.reportapp.IntegrationTest    : No active profile set, falling back to 1 default profile: "default"
2026-02-24T15:37:50.342Z  INFO 30900 --- [           main] .s.d.r.c.RepositoryConfigurationDelegate : Bootstrapping Spring Data JPA repositories in DEFAULT mode.
2026-02-24T15:37:50.500Z  INFO 30900 --- [           main] .s.d.r.c.RepositoryConfigurationDelegate : Finished Spring Data repository scanning in 129 ms. Found 1 JPA repository interface.
2026-02-24T15:37:52.080Z  INFO 30900 --- [           main] o.s.b.w.embedded.tomcat.TomcatWebServer  : Tomcat initialized with port(s): 0 (http)
2026-02-24T15:37:52.101Z  INFO 30900 --- [           main] o.apache.catalina.core.StandardService   : Starting service [Tomcat]
2026-02-24T15:37:52.101Z  INFO 30900 --- [           main] o.apache.catalina.core.StandardEngine    : Starting Servlet engine: [Apache Tomcat/10.1.16]
2026-02-24T15:37:52.322Z  INFO 30900 --- [           main] o.a.c.c.C.[Tomcat].[localhost].[/]       : Initializing Spring embedded WebApplicationContext
2026-02-24T15:37:52.325Z  INFO 30900 --- [           main] w.s.c.ServletWebServerApplicationContext : Root WebApplicationContext: initialization completed in 3297 ms
2026-02-24T15:37:52.744Z  INFO 30900 --- [           main] o.hibernate.jpa.internal.util.LogHelper  : HHH000204: Processing PersistenceUnitInfo [name: default]
2026-02-24T15:37:52.911Z  INFO 30900 --- [           main] org.hibernate.Version                    : HHH000412: Hibernate ORM core version 6.2.13.Final
2026-02-24T15:37:52.915Z  INFO 30900 --- [           main] org.hibernate.cfg.Environment            : HHH000406: Using bytecode reflection optimizer
2026-02-24T15:37:53.629Z  INFO 30900 --- [           main] o.s.o.j.p.SpringPersistenceUnitInfo      : No LoadTimeWeaver setup: ignoring JPA class transformer
2026-02-24T15:37:53.709Z  INFO 30900 --- [           main] com.zaxxer.hikari.HikariDataSource       : HikariPool-1 - Starting...
2026-02-24T15:37:54.088Z  INFO 30900 --- [           main] com.zaxxer.hikari.pool.HikariPool        : HikariPool-1 - Added connection org.postgresql.jdbc.PgConnection@5df64b2a
2026-02-24T15:37:54.092Z  INFO 30900 --- [           main] com.zaxxer.hikari.HikariDataSource       : HikariPool-1 - Start completed.
2026-02-24T15:37:55.939Z  INFO 30900 --- [           main] o.h.e.t.j.p.i.JtaPlatformInitiator       : HHH000489: No JTA platform available (set 'hibernate.transaction.jta.platform' to enable JTA platform integration)
2026-02-24T15:37:56.033Z  INFO 30900 --- [           main] j.LocalContainerEntityManagerFactoryBean : Initialized JPA EntityManagerFactory for persistence unit 'default'
2026-02-24T15:37:56.552Z  WARN 30900 --- [           main] JpaBaseConfiguration$JpaWebConfiguration : spring.jpa.open-in-view is enabled by default. Therefore, database queries may be performed during view rendering. Explicitly configure spring.jpa.open-in-view to disable this warning
2026-02-24T15:37:57.351Z  INFO 30900 --- [           main] o.s.b.w.embedded.tomcat.TomcatWebServer  : Tomcat started on port(s): 53226 (http) with context path ''
2026-02-24T15:37:57.366Z  INFO 30900 --- [           main] com.example.reportapp.IntegrationTest    : Started IntegrationTest in 8.959 seconds (process running for 11.025)
2026-02-24T15:37:58.544Z  INFO 30900 --- [o-auto-1-exec-1] o.a.c.c.C.[Tomcat].[localhost].[/]       : Initializing Spring DispatcherServlet 'dispatcherServlet'
2026-02-24T15:37:58.544Z  INFO 30900 --- [o-auto-1-exec-1] o.s.web.servlet.DispatcherServlet        : Initializing Servlet 'dispatcherServlet'
2026-02-24T15:37:58.544Z  INFO 30900 --- [o-auto-1-exec-1] o.s.web.servlet.DispatcherServlet        : Completed initialization in 0 ms
]]></system-out>
  </testcase>
</testsuite>